<?xml version="1.0" encoding="UTF-8"?>
<testsuite xmlns:xsi="http://www.w3.org/2001/XMLSchema-instance" xsi:noNamespaceSchemaLocation="https://maven.apache.org/surefire/maven-surefire-plugin/xsd/surefire-test-report.xsd" name="com.wyj.BlogApplicationTests" time="6.045" tests="1" errors="0" skipped="0" failures="0">
  <properties>
    <property name="sun.desktop" value="windows"/>
    <property name="awt.toolkit" value="sun.awt.windows.WToolkit"/>
    <property name="file.encoding.pkg" value="sun.io"/>
    <property name="java.specification.version" value="1.8"/>
    <property name="sun.cpu.isalist" value="amd64"/>
    <property name="sun.jnu.encoding" value="GBK"/>
    <property name="java.class.path" value="D:\JavaCode\IDEA\SpringBoot-Blog\target\test-classes;D:\JavaCode\IDEA\SpringBoot-Blog\target\classes;D:\JavaConfig\Maven\apache-maven-3.6.3\repository\org\springframework\boot\spring-boot-starter-test\2.3.0.RELEASE\spring-boot-starter-test-2.3.0.RELEASE.jar;D:\JavaConfig\Maven\apache-maven-3.6.3\repository\org\springframework\boot\spring-boot-starter\2.3.0.RELEASE\spring-boot-starter-2.3.0.RELEASE.jar;D:\JavaConfig\Maven\apache-maven-3.6.3\repository\org\springframework\boot\spring-boot-starter-logging\2.3.0.RELEASE\spring-boot-starter-logging-2.3.0.RELEASE.jar;D:\JavaConfig\Maven\apache-maven-3.6.3\repository\ch\qos\logback\logback-classic\1.2.3\logback-classic-1.2.3.jar;D:\JavaConfig\Maven\apache-maven-3.6.3\repository\ch\qos\logback\logback-core\1.2.3\logback-core-1.2.3.jar;D:\JavaConfig\Maven\apache-maven-3.6.3\repository\org\apache\logging\log4j\log4j-to-slf4j\2.13.2\log4j-to-slf4j-2.13.2.jar;D:\JavaConfig\Maven\apache-maven-3.6.3\repository\org\apache\logging\log4j\log4j-api\2.13.2\log4j-api-2.13.2.jar;D:\JavaConfig\Maven\apache-maven-3.6.3\repository\org\slf4j\jul-to-slf4j\1.7.30\jul-to-slf4j-1.7.30.jar;D:\JavaConfig\Maven\apache-maven-3.6.3\repository\jakarta\annotation\jakarta.annotation-api\1.3.5\jakarta.annotation-api-1.3.5.jar;D:\JavaConfig\Maven\apache-maven-3.6.3\repository\org\yaml\snakeyaml\1.26\snakeyaml-1.26.jar;D:\JavaConfig\Maven\apache-maven-3.6.3\repository\org\springframework\boot\spring-boot-test\2.3.0.RELEASE\spring-boot-test-2.3.0.RELEASE.jar;D:\JavaConfig\Maven\apache-maven-3.6.3\repository\org\springframework\boot\spring-boot-test-autoconfigure\2.3.0.RELEASE\spring-boot-test-autoconfigure-2.3.0.RELEASE.jar;D:\JavaConfig\Maven\apache-maven-3.6.3\repository\com\jayway\jsonpath\json-path\2.4.0\json-path-2.4.0.jar;D:\JavaConfig\Maven\apache-maven-3.6.3\repository\net\minidev\json-smart\2.3\json-smart-2.3.jar;D:\JavaConfig\Maven\apache-maven-3.6.3\repository\net\minidev\accessors-smart\1.2\accessors-smart-1.2.jar;D:\JavaConfig\Maven\apache-maven-3.6.3\repository\org\ow2\asm\asm\5.0.4\asm-5.0.4.jar;D:\JavaConfig\Maven\apache-maven-3.6.3\repository\org\slf4j\slf4j-api\1.7.30\slf4j-api-1.7.30.jar;D:\JavaConfig\Maven\apache-maven-3.6.3\repository\jakarta\xml\bind\jakarta.xml.bind-api\2.3.3\jakarta.xml.bind-api-2.3.3.jar;D:\JavaConfig\Maven\apache-maven-3.6.3\repository\jakarta\activation\jakarta.activation-api\1.2.2\jakarta.activation-api-1.2.2.jar;D:\JavaConfig\Maven\apache-maven-3.6.3\repository\org\assertj\assertj-core\3.16.1\assertj-core-3.16.1.jar;D:\JavaConfig\Maven\apache-maven-3.6.3\repository\org\hamcrest\hamcrest\2.2\hamcrest-2.2.jar;D:\JavaConfig\Maven\apache-maven-3.6.3\repository\org\junit\jupiter\junit-jupiter\5.6.2\junit-jupiter-5.6.2.jar;D:\JavaConfig\Maven\apache-maven-3.6.3\repository\org\junit\jupiter\junit-jupiter-api\5.6.2\junit-jupiter-api-5.6.2.jar;D:\JavaConfig\Maven\apache-maven-3.6.3\repository\org\opentest4j\opentest4j\1.2.0\opentest4j-1.2.0.jar;D:\JavaConfig\Maven\apache-maven-3.6.3\repository\org\junit\platform\junit-platform-commons\1.6.2\junit-platform-commons-1.6.2.jar;D:\JavaConfig\Maven\apache-maven-3.6.3\repository\org\junit\jupiter\junit-jupiter-params\5.6.2\junit-jupiter-params-5.6.2.jar;D:\JavaConfig\Maven\apache-maven-3.6.3\repository\org\junit\jupiter\junit-jupiter-engine\5.6.2\junit-jupiter-engine-5.6.2.jar;D:\JavaConfig\Maven\apache-maven-3.6.3\repository\org\junit\vintage\junit-vintage-engine\5.6.2\junit-vintage-engine-5.6.2.jar;D:\JavaConfig\Maven\apache-maven-3.6.3\repository\org\apiguardian\apiguardian-api\1.1.0\apiguardian-api-1.1.0.jar;D:\JavaConfig\Maven\apache-maven-3.6.3\repository\org\junit\platform\junit-platform-engine\1.6.2\junit-platform-engine-1.6.2.jar;D:\JavaConfig\Maven\apache-maven-3.6.3\repository\junit\junit\4.13\junit-4.13.jar;D:\JavaConfig\Maven\apache-maven-3.6.3\repository\org\mockito\mockito-core\3.3.3\mockito-core-3.3.3.jar;D:\JavaConfig\Maven\apache-maven-3.6.3\repository\net\bytebuddy\byte-buddy\1.10.10\byte-buddy-1.10.10.jar;D:\JavaConfig\Maven\apache-maven-3.6.3\repository\net\bytebuddy\byte-buddy-agent\1.10.10\byte-buddy-agent-1.10.10.jar;D:\JavaConfig\Maven\apache-maven-3.6.3\repository\org\objenesis\objenesis\2.6\objenesis-2.6.jar;D:\JavaConfig\Maven\apache-maven-3.6.3\repository\org\mockito\mockito-junit-jupiter\3.3.3\mockito-junit-jupiter-3.3.3.jar;D:\JavaConfig\Maven\apache-maven-3.6.3\repository\org\skyscreamer\jsonassert\1.5.0\jsonassert-1.5.0.jar;D:\JavaConfig\Maven\apache-maven-3.6.3\repository\com\vaadin\external\google\android-json\0.0.20131108.vaadin1\android-json-0.0.20131108.vaadin1.jar;D:\JavaConfig\Maven\apache-maven-3.6.3\repository\org\springframework\spring-core\5.2.6.RELEASE\spring-core-5.2.6.RELEASE.jar;D:\JavaConfig\Maven\apache-maven-3.6.3\repository\org\springframework\spring-jcl\5.2.6.RELEASE\spring-jcl-5.2.6.RELEASE.jar;D:\JavaConfig\Maven\apache-maven-3.6.3\repository\org\springframework\spring-test\5.2.6.RELEASE\spring-test-5.2.6.RELEASE.jar;D:\JavaConfig\Maven\apache-maven-3.6.3\repository\org\xmlunit\xmlunit-core\2.7.0\xmlunit-core-2.7.0.jar;D:\JavaConfig\Maven\apache-maven-3.6.3\repository\org\springframework\boot\spring-boot-starter-web\2.3.0.RELEASE\spring-boot-starter-web-2.3.0.RELEASE.jar;D:\JavaConfig\Maven\apache-maven-3.6.3\repository\org\springframework\boot\spring-boot-starter-json\2.3.0.RELEASE\spring-boot-starter-json-2.3.0.RELEASE.jar;D:\JavaConfig\Maven\apache-maven-3.6.3\repository\com\fasterxml\jackson\core\jackson-databind\2.11.0\jackson-databind-2.11.0.jar;D:\JavaConfig\Maven\apache-maven-3.6.3\repository\com\fasterxml\jackson\core\jackson-annotations\2.11.0\jackson-annotations-2.11.0.jar;D:\JavaConfig\Maven\apache-maven-3.6.3\repository\com\fasterxml\jackson\core\jackson-core\2.11.0\jackson-core-2.11.0.jar;D:\JavaConfig\Maven\apache-maven-3.6.3\repository\com\fasterxml\jackson\datatype\jackson-datatype-jdk8\2.11.0\jackson-datatype-jdk8-2.11.0.jar;D:\JavaConfig\Maven\apache-maven-3.6.3\repository\com\fasterxml\jackson\datatype\jackson-datatype-jsr310\2.11.0\jackson-datatype-jsr310-2.11.0.jar;D:\JavaConfig\Maven\apache-maven-3.6.3\repository\com\fasterxml\jackson\module\jackson-module-parameter-names\2.11.0\jackson-module-parameter-names-2.11.0.jar;D:\JavaConfig\Maven\apache-maven-3.6.3\repository\org\springframework\boot\spring-boot-starter-tomcat\2.3.0.RELEASE\spring-boot-starter-tomcat-2.3.0.RELEASE.jar;D:\JavaConfig\Maven\apache-maven-3.6.3\repository\org\apache\tomcat\embed\tomcat-embed-core\9.0.35\tomcat-embed-core-9.0.35.jar;D:\JavaConfig\Maven\apache-maven-3.6.3\repository\org\glassfish\jakarta.el\3.0.3\jakarta.el-3.0.3.jar;D:\JavaConfig\Maven\apache-maven-3.6.3\repository\org\apache\tomcat\embed\tomcat-embed-websocket\9.0.35\tomcat-embed-websocket-9.0.35.jar;D:\JavaConfig\Maven\apache-maven-3.6.3\repository\org\springframework\spring-web\5.2.6.RELEASE\spring-web-5.2.6.RELEASE.jar;D:\JavaConfig\Maven\apache-maven-3.6.3\repository\org\springframework\spring-beans\5.2.6.RELEASE\spring-beans-5.2.6.RELEASE.jar;D:\JavaConfig\Maven\apache-maven-3.6.3\repository\org\springframework\spring-webmvc\5.2.6.RELEASE\spring-webmvc-5.2.6.RELEASE.jar;D:\JavaConfig\Maven\apache-maven-3.6.3\repository\org\springframework\spring-context\5.2.6.RELEASE\spring-context-5.2.6.RELEASE.jar;D:\JavaConfig\Maven\apache-maven-3.6.3\repository\org\springframework\spring-expression\5.2.6.RELEASE\spring-expression-5.2.6.RELEASE.jar;D:\JavaConfig\Maven\apache-maven-3.6.3\repository\org\springframework\boot\spring-boot-starter-aop\2.3.3.RELEASE\spring-boot-starter-aop-2.3.3.RELEASE.jar;D:\JavaConfig\Maven\apache-maven-3.6.3\repository\org\springframework\spring-aop\5.2.6.RELEASE\spring-aop-5.2.6.RELEASE.jar;D:\JavaConfig\Maven\apache-maven-3.6.3\repository\org\aspectj\aspectjweaver\1.9.5\aspectjweaver-1.9.5.jar;D:\JavaConfig\Maven\apache-maven-3.6.3\repository\org\springframework\boot\spring-boot-devtools\2.3.0.RELEASE\spring-boot-devtools-2.3.0.RELEASE.jar;D:\JavaConfig\Maven\apache-maven-3.6.3\repository\org\springframework\boot\spring-boot\2.3.0.RELEASE\spring-boot-2.3.0.RELEASE.jar;D:\JavaConfig\Maven\apache-maven-3.6.3\repository\org\springframework\boot\spring-boot-autoconfigure\2.3.0.RELEASE\spring-boot-autoconfigure-2.3.0.RELEASE.jar;D:\JavaConfig\Maven\apache-maven-3.6.3\repository\org\springframework\boot\spring-boot-starter-thymeleaf\2.3.0.RELEASE\spring-boot-starter-thymeleaf-2.3.0.RELEASE.jar;D:\JavaConfig\Maven\apache-maven-3.6.3\repository\org\thymeleaf\thymeleaf-spring5\3.0.11.RELEASE\thymeleaf-spring5-3.0.11.RELEASE.jar;D:\JavaConfig\Maven\apache-maven-3.6.3\repository\org\thymeleaf\thymeleaf\3.0.11.RELEASE\thymeleaf-3.0.11.RELEASE.jar;D:\JavaConfig\Maven\apache-maven-3.6.3\repository\org\attoparser\attoparser\2.0.5.RELEASE\attoparser-2.0.5.RELEASE.jar;D:\JavaConfig\Maven\apache-maven-3.6.3\repository\org\unbescape\unbescape\1.1.6.RELEASE\unbescape-1.1.6.RELEASE.jar;D:\JavaConfig\Maven\apache-maven-3.6.3\repository\org\thymeleaf\extras\thymeleaf-extras-java8time\3.0.4.RELEASE\thymeleaf-extras-java8time-3.0.4.RELEASE.jar;D:\JavaConfig\Maven\apache-maven-3.6.3\repository\org\mybatis\spring\boot\mybatis-spring-boot-starter\2.1.4\mybatis-spring-boot-starter-2.1.4.jar;D:\JavaConfig\Maven\apache-maven-3.6.3\repository\org\springframework\boot\spring-boot-starter-jdbc\2.3.0.RELEASE\spring-boot-starter-jdbc-2.3.0.RELEASE.jar;D:\JavaConfig\Maven\apache-maven-3.6.3\repository\com\zaxxer\HikariCP\3.4.5\HikariCP-3.4.5.jar;D:\JavaConfig\Maven\apache-maven-3.6.3\repository\org\springframework\spring-jdbc\5.2.6.RELEASE\spring-jdbc-5.2.6.RELEASE.jar;D:\JavaConfig\Maven\apache-maven-3.6.3\repository\org\springframework\spring-tx\5.2.6.RELEASE\spring-tx-5.2.6.RELEASE.jar;D:\JavaConfig\Maven\apache-maven-3.6.3\repository\org\mybatis\spring\boot\mybatis-spring-boot-autoconfigure\2.1.4\mybatis-spring-boot-autoconfigure-2.1.4.jar;D:\JavaConfig\Maven\apache-maven-3.6.3\repository\org\mybatis\mybatis\3.5.6\mybatis-3.5.6.jar;D:\JavaConfig\Maven\apache-maven-3.6.3\repository\org\mybatis\mybatis-spring\2.0.6\mybatis-spring-2.0.6.jar;D:\JavaConfig\Maven\apache-maven-3.6.3\repository\mysql\mysql-connector-java\8.0.20\mysql-connector-java-8.0.20.jar;D:\JavaConfig\Maven\apache-maven-3.6.3\repository\log4j\log4j\1.2.17\log4j-1.2.17.jar;D:\JavaConfig\Maven\apache-maven-3.6.3\repository\org\projectlombok\lombok\1.18.12\lombok-1.18.12.jar;D:\JavaConfig\Maven\apache-maven-3.6.3\repository\com\github\pagehelper\pagehelper-spring-boot-starter\1.3.0\pagehelper-spring-boot-starter-1.3.0.jar;D:\JavaConfig\Maven\apache-maven-3.6.3\repository\com\github\pagehelper\pagehelper-spring-boot-autoconfigure\1.3.0\pagehelper-spring-boot-autoconfigure-1.3.0.jar;D:\JavaConfig\Maven\apache-maven-3.6.3\repository\com\github\pagehelper\pagehelper\5.2.0\pagehelper-5.2.0.jar;D:\JavaConfig\Maven\apache-maven-3.6.3\repository\com\github\jsqlparser\jsqlparser\3.2\jsqlparser-3.2.jar;"/>
    <property name="java.vm.vendor" value="Oracle Corporation"/>
    <property name="sun.arch.data.model" value="64"/>
    <property name="user.variant" value=""/>
    <property name="java.vendor.url" value="http://java.oracle.com/"/>
    <property name="user.timezone" value="Asia/Shanghai"/>
    <property name="java.vm.specification.version" value="1.8"/>
    <property name="os.name" value="Windows 10"/>
    <property name="user.country" value="CN"/>
    <property name="sun.java.launcher" value="SUN_STANDARD"/>
    <property name="sun.boot.library.path" value="D:\JavaConfig\Java\jdk1.8.0_202\jre\bin"/>
    <property name="sun.java.command" value="C:\Users\十万伏~1\AppData\Local\Temp\surefire6483647479173701443\surefirebooter6074634852239620706.jar C:\Users\十万伏特_\AppData\Local\Temp\surefire6483647479173701443 2020-11-29T16-55-12_861-jvmRun1 surefire5390193353943814531tmp surefire_07000919996878353520tmp"/>
    <property name="surefire.test.class.path" value="D:\JavaCode\IDEA\SpringBoot-Blog\target\test-classes;D:\JavaCode\IDEA\SpringBoot-Blog\target\classes;D:\JavaConfig\Maven\apache-maven-3.6.3\repository\org\springframework\boot\spring-boot-starter-test\2.3.0.RELEASE\spring-boot-starter-test-2.3.0.RELEASE.jar;D:\JavaConfig\Maven\apache-maven-3.6.3\repository\org\springframework\boot\spring-boot-starter\2.3.0.RELEASE\spring-boot-starter-2.3.0.RELEASE.jar;D:\JavaConfig\Maven\apache-maven-3.6.3\repository\org\springframework\boot\spring-boot-starter-logging\2.3.0.RELEASE\spring-boot-starter-logging-2.3.0.RELEASE.jar;D:\JavaConfig\Maven\apache-maven-3.6.3\repository\ch\qos\logback\logback-classic\1.2.3\logback-classic-1.2.3.jar;D:\JavaConfig\Maven\apache-maven-3.6.3\repository\ch\qos\logback\logback-core\1.2.3\logback-core-1.2.3.jar;D:\JavaConfig\Maven\apache-maven-3.6.3\repository\org\apache\logging\log4j\log4j-to-slf4j\2.13.2\log4j-to-slf4j-2.13.2.jar;D:\JavaConfig\Maven\apache-maven-3.6.3\repository\org\apache\logging\log4j\log4j-api\2.13.2\log4j-api-2.13.2.jar;D:\JavaConfig\Maven\apache-maven-3.6.3\repository\org\slf4j\jul-to-slf4j\1.7.30\jul-to-slf4j-1.7.30.jar;D:\JavaConfig\Maven\apache-maven-3.6.3\repository\jakarta\annotation\jakarta.annotation-api\1.3.5\jakarta.annotation-api-1.3.5.jar;D:\JavaConfig\Maven\apache-maven-3.6.3\repository\org\yaml\snakeyaml\1.26\snakeyaml-1.26.jar;D:\JavaConfig\Maven\apache-maven-3.6.3\repository\org\springframework\boot\spring-boot-test\2.3.0.RELEASE\spring-boot-test-2.3.0.RELEASE.jar;D:\JavaConfig\Maven\apache-maven-3.6.3\repository\org\springframework\boot\spring-boot-test-autoconfigure\2.3.0.RELEASE\spring-boot-test-autoconfigure-2.3.0.RELEASE.jar;D:\JavaConfig\Maven\apache-maven-3.6.3\repository\com\jayway\jsonpath\json-path\2.4.0\json-path-2.4.0.jar;D:\JavaConfig\Maven\apache-maven-3.6.3\repository\net\minidev\json-smart\2.3\json-smart-2.3.jar;D:\JavaConfig\Maven\apache-maven-3.6.3\repository\net\minidev\accessors-smart\1.2\accessors-smart-1.2.jar;D:\JavaConfig\Maven\apache-maven-3.6.3\repository\org\ow2\asm\asm\5.0.4\asm-5.0.4.jar;D:\JavaConfig\Maven\apache-maven-3.6.3\repository\org\slf4j\slf4j-api\1.7.30\slf4j-api-1.7.30.jar;D:\JavaConfig\Maven\apache-maven-3.6.3\repository\jakarta\xml\bind\jakarta.xml.bind-api\2.3.3\jakarta.xml.bind-api-2.3.3.jar;D:\JavaConfig\Maven\apache-maven-3.6.3\repository\jakarta\activation\jakarta.activation-api\1.2.2\jakarta.activation-api-1.2.2.jar;D:\JavaConfig\Maven\apache-maven-3.6.3\repository\org\assertj\assertj-core\3.16.1\assertj-core-3.16.1.jar;D:\JavaConfig\Maven\apache-maven-3.6.3\repository\org\hamcrest\hamcrest\2.2\hamcrest-2.2.jar;D:\JavaConfig\Maven\apache-maven-3.6.3\repository\org\junit\jupiter\junit-jupiter\5.6.2\junit-jupiter-5.6.2.jar;D:\JavaConfig\Maven\apache-maven-3.6.3\repository\org\junit\jupiter\junit-jupiter-api\5.6.2\junit-jupiter-api-5.6.2.jar;D:\JavaConfig\Maven\apache-maven-3.6.3\repository\org\opentest4j\opentest4j\1.2.0\opentest4j-1.2.0.jar;D:\JavaConfig\Maven\apache-maven-3.6.3\repository\org\junit\platform\junit-platform-commons\1.6.2\junit-platform-commons-1.6.2.jar;D:\JavaConfig\Maven\apache-maven-3.6.3\repository\org\junit\jupiter\junit-jupiter-params\5.6.2\junit-jupiter-params-5.6.2.jar;D:\JavaConfig\Maven\apache-maven-3.6.3\repository\org\junit\jupiter\junit-jupiter-engine\5.6.2\junit-jupiter-engine-5.6.2.jar;D:\JavaConfig\Maven\apache-maven-3.6.3\repository\org\junit\vintage\junit-vintage-engine\5.6.2\junit-vintage-engine-5.6.2.jar;D:\JavaConfig\Maven\apache-maven-3.6.3\repository\org\apiguardian\apiguardian-api\1.1.0\apiguardian-api-1.1.0.jar;D:\JavaConfig\Maven\apache-maven-3.6.3\repository\org\junit\platform\junit-platform-engine\1.6.2\junit-platform-engine-1.6.2.jar;D:\JavaConfig\Maven\apache-maven-3.6.3\repository\junit\junit\4.13\junit-4.13.jar;D:\JavaConfig\Maven\apache-maven-3.6.3\repository\org\mockito\mockito-core\3.3.3\mockito-core-3.3.3.jar;D:\JavaConfig\Maven\apache-maven-3.6.3\repository\net\bytebuddy\byte-buddy\1.10.10\byte-buddy-1.10.10.jar;D:\JavaConfig\Maven\apache-maven-3.6.3\repository\net\bytebuddy\byte-buddy-agent\1.10.10\byte-buddy-agent-1.10.10.jar;D:\JavaConfig\Maven\apache-maven-3.6.3\repository\org\objenesis\objenesis\2.6\objenesis-2.6.jar;D:\JavaConfig\Maven\apache-maven-3.6.3\repository\org\mockito\mockito-junit-jupiter\3.3.3\mockito-junit-jupiter-3.3.3.jar;D:\JavaConfig\Maven\apache-maven-3.6.3\repository\org\skyscreamer\jsonassert\1.5.0\jsonassert-1.5.0.jar;D:\JavaConfig\Maven\apache-maven-3.6.3\repository\com\vaadin\external\google\android-json\0.0.20131108.vaadin1\android-json-0.0.20131108.vaadin1.jar;D:\JavaConfig\Maven\apache-maven-3.6.3\repository\org\springframework\spring-core\5.2.6.RELEASE\spring-core-5.2.6.RELEASE.jar;D:\JavaConfig\Maven\apache-maven-3.6.3\repository\org\springframework\spring-jcl\5.2.6.RELEASE\spring-jcl-5.2.6.RELEASE.jar;D:\JavaConfig\Maven\apache-maven-3.6.3\repository\org\springframework\spring-test\5.2.6.RELEASE\spring-test-5.2.6.RELEASE.jar;D:\JavaConfig\Maven\apache-maven-3.6.3\repository\org\xmlunit\xmlunit-core\2.7.0\xmlunit-core-2.7.0.jar;D:\JavaConfig\Maven\apache-maven-3.6.3\repository\org\springframework\boot\spring-boot-starter-web\2.3.0.RELEASE\spring-boot-starter-web-2.3.0.RELEASE.jar;D:\JavaConfig\Maven\apache-maven-3.6.3\repository\org\springframework\boot\spring-boot-starter-json\2.3.0.RELEASE\spring-boot-starter-json-2.3.0.RELEASE.jar;D:\JavaConfig\Maven\apache-maven-3.6.3\repository\com\fasterxml\jackson\core\jackson-databind\2.11.0\jackson-databind-2.11.0.jar;D:\JavaConfig\Maven\apache-maven-3.6.3\repository\com\fasterxml\jackson\core\jackson-annotations\2.11.0\jackson-annotations-2.11.0.jar;D:\JavaConfig\Maven\apache-maven-3.6.3\repository\com\fasterxml\jackson\core\jackson-core\2.11.0\jackson-core-2.11.0.jar;D:\JavaConfig\Maven\apache-maven-3.6.3\repository\com\fasterxml\jackson\datatype\jackson-datatype-jdk8\2.11.0\jackson-datatype-jdk8-2.11.0.jar;D:\JavaConfig\Maven\apache-maven-3.6.3\repository\com\fasterxml\jackson\datatype\jackson-datatype-jsr310\2.11.0\jackson-datatype-jsr310-2.11.0.jar;D:\JavaConfig\Maven\apache-maven-3.6.3\repository\com\fasterxml\jackson\module\jackson-module-parameter-names\2.11.0\jackson-module-parameter-names-2.11.0.jar;D:\JavaConfig\Maven\apache-maven-3.6.3\repository\org\springframework\boot\spring-boot-starter-tomcat\2.3.0.RELEASE\spring-boot-starter-tomcat-2.3.0.RELEASE.jar;D:\JavaConfig\Maven\apache-maven-3.6.3\repository\org\apache\tomcat\embed\tomcat-embed-core\9.0.35\tomcat-embed-core-9.0.35.jar;D:\JavaConfig\Maven\apache-maven-3.6.3\repository\org\glassfish\jakarta.el\3.0.3\jakarta.el-3.0.3.jar;D:\JavaConfig\Maven\apache-maven-3.6.3\repository\org\apache\tomcat\embed\tomcat-embed-websocket\9.0.35\tomcat-embed-websocket-9.0.35.jar;D:\JavaConfig\Maven\apache-maven-3.6.3\repository\org\springframework\spring-web\5.2.6.RELEASE\spring-web-5.2.6.RELEASE.jar;D:\JavaConfig\Maven\apache-maven-3.6.3\repository\org\springframework\spring-beans\5.2.6.RELEASE\spring-beans-5.2.6.RELEASE.jar;D:\JavaConfig\Maven\apache-maven-3.6.3\repository\org\springframework\spring-webmvc\5.2.6.RELEASE\spring-webmvc-5.2.6.RELEASE.jar;D:\JavaConfig\Maven\apache-maven-3.6.3\repository\org\springframework\spring-context\5.2.6.RELEASE\spring-context-5.2.6.RELEASE.jar;D:\JavaConfig\Maven\apache-maven-3.6.3\repository\org\springframework\spring-expression\5.2.6.RELEASE\spring-expression-5.2.6.RELEASE.jar;D:\JavaConfig\Maven\apache-maven-3.6.3\repository\org\springframework\boot\spring-boot-starter-aop\2.3.3.RELEASE\spring-boot-starter-aop-2.3.3.RELEASE.jar;D:\JavaConfig\Maven\apache-maven-3.6.3\repository\org\springframework\spring-aop\5.2.6.RELEASE\spring-aop-5.2.6.RELEASE.jar;D:\JavaConfig\Maven\apache-maven-3.6.3\repository\org\aspectj\aspectjweaver\1.9.5\aspectjweaver-1.9.5.jar;D:\JavaConfig\Maven\apache-maven-3.6.3\repository\org\springframework\boot\spring-boot-devtools\2.3.0.RELEASE\spring-boot-devtools-2.3.0.RELEASE.jar;D:\JavaConfig\Maven\apache-maven-3.6.3\repository\org\springframework\boot\spring-boot\2.3.0.RELEASE\spring-boot-2.3.0.RELEASE.jar;D:\JavaConfig\Maven\apache-maven-3.6.3\repository\org\springframework\boot\spring-boot-autoconfigure\2.3.0.RELEASE\spring-boot-autoconfigure-2.3.0.RELEASE.jar;D:\JavaConfig\Maven\apache-maven-3.6.3\repository\org\springframework\boot\spring-boot-starter-thymeleaf\2.3.0.RELEASE\spring-boot-starter-thymeleaf-2.3.0.RELEASE.jar;D:\JavaConfig\Maven\apache-maven-3.6.3\repository\org\thymeleaf\thymeleaf-spring5\3.0.11.RELEASE\thymeleaf-spring5-3.0.11.RELEASE.jar;D:\JavaConfig\Maven\apache-maven-3.6.3\repository\org\thymeleaf\thymeleaf\3.0.11.RELEASE\thymeleaf-3.0.11.RELEASE.jar;D:\JavaConfig\Maven\apache-maven-3.6.3\repository\org\attoparser\attoparser\2.0.5.RELEASE\attoparser-2.0.5.RELEASE.jar;D:\JavaConfig\Maven\apache-maven-3.6.3\repository\org\unbescape\unbescape\1.1.6.RELEASE\unbescape-1.1.6.RELEASE.jar;D:\JavaConfig\Maven\apache-maven-3.6.3\repository\org\thymeleaf\extras\thymeleaf-extras-java8time\3.0.4.RELEASE\thymeleaf-extras-java8time-3.0.4.RELEASE.jar;D:\JavaConfig\Maven\apache-maven-3.6.3\repository\org\mybatis\spring\boot\mybatis-spring-boot-starter\2.1.4\mybatis-spring-boot-starter-2.1.4.jar;D:\JavaConfig\Maven\apache-maven-3.6.3\repository\org\springframework\boot\spring-boot-starter-jdbc\2.3.0.RELEASE\spring-boot-starter-jdbc-2.3.0.RELEASE.jar;D:\JavaConfig\Maven\apache-maven-3.6.3\repository\com\zaxxer\HikariCP\3.4.5\HikariCP-3.4.5.jar;D:\JavaConfig\Maven\apache-maven-3.6.3\repository\org\springframework\spring-jdbc\5.2.6.RELEASE\spring-jdbc-5.2.6.RELEASE.jar;D:\JavaConfig\Maven\apache-maven-3.6.3\repository\org\springframework\spring-tx\5.2.6.RELEASE\spring-tx-5.2.6.RELEASE.jar;D:\JavaConfig\Maven\apache-maven-3.6.3\repository\org\mybatis\spring\boot\mybatis-spring-boot-autoconfigure\2.1.4\mybatis-spring-boot-autoconfigure-2.1.4.jar;D:\JavaConfig\Maven\apache-maven-3.6.3\repository\org\mybatis\mybatis\3.5.6\mybatis-3.5.6.jar;D:\JavaConfig\Maven\apache-maven-3.6.3\repository\org\mybatis\mybatis-spring\2.0.6\mybatis-spring-2.0.6.jar;D:\JavaConfig\Maven\apache-maven-3.6.3\repository\mysql\mysql-connector-java\8.0.20\mysql-connector-java-8.0.20.jar;D:\JavaConfig\Maven\apache-maven-3.6.3\repository\log4j\log4j\1.2.17\log4j-1.2.17.jar;D:\JavaConfig\Maven\apache-maven-3.6.3\repository\org\projectlombok\lombok\1.18.12\lombok-1.18.12.jar;D:\JavaConfig\Maven\apache-maven-3.6.3\repository\com\github\pagehelper\pagehelper-spring-boot-starter\1.3.0\pagehelper-spring-boot-starter-1.3.0.jar;D:\JavaConfig\Maven\apache-maven-3.6.3\repository\com\github\pagehelper\pagehelper-spring-boot-autoconfigure\1.3.0\pagehelper-spring-boot-autoconfigure-1.3.0.jar;D:\JavaConfig\Maven\apache-maven-3.6.3\repository\com\github\pagehelper\pagehelper\5.2.0\pagehelper-5.2.0.jar;D:\JavaConfig\Maven\apache-maven-3.6.3\repository\com\github\jsqlparser\jsqlparser\3.2\jsqlparser-3.2.jar;"/>
    <property name="sun.cpu.endian" value="little"/>
    <property name="user.home" value="C:\Users\十万伏特_"/>
    <property name="user.language" value="zh"/>
    <property name="java.specification.vendor" value="Oracle Corporation"/>
    <property name="java.home" value="D:\JavaConfig\Java\jdk1.8.0_202\jre"/>
    <property name="basedir" value="D:\JavaCode\IDEA\SpringBoot-Blog"/>
    <property name="file.separator" value="\"/>
    <property name="line.separator" value="&#10;"/>
    <property name="java.vm.specification.vendor" value="Oracle Corporation"/>
    <property name="java.specification.name" value="Java Platform API Specification"/>
    <property name="java.awt.graphicsenv" value="sun.awt.Win32GraphicsEnvironment"/>
    <property name="surefire.real.class.path" value="C:\Users\十万伏~1\AppData\Local\Temp\surefire6483647479173701443\surefirebooter6074634852239620706.jar"/>
    <property name="sun.boot.class.path" value="D:\JavaConfig\Java\jdk1.8.0_202\jre\lib\resources.jar;D:\JavaConfig\Java\jdk1.8.0_202\jre\lib\rt.jar;D:\JavaConfig\Java\jdk1.8.0_202\jre\lib\sunrsasign.jar;D:\JavaConfig\Java\jdk1.8.0_202\jre\lib\jsse.jar;D:\JavaConfig\Java\jdk1.8.0_202\jre\lib\jce.jar;D:\JavaConfig\Java\jdk1.8.0_202\jre\lib\charsets.jar;D:\JavaConfig\Java\jdk1.8.0_202\jre\lib\jfr.jar;D:\JavaConfig\Java\jdk1.8.0_202\jre\classes"/>
    <property name="user.script" value=""/>
    <property name="sun.management.compiler" value="HotSpot 64-Bit Tiered Compilers"/>
    <property name="java.runtime.version" value="1.8.0_202-b08"/>
    <property name="user.name" value="Swift_"/>
    <property name="path.separator" value=";"/>
    <property name="os.version" value="10.0"/>
    <property name="java.endorsed.dirs" value="D:\JavaConfig\Java\jdk1.8.0_202\jre\lib\endorsed"/>
    <property name="java.runtime.name" value="Java(TM) SE Runtime Environment"/>
    <property name="file.encoding" value="GBK"/>
    <property name="java.vm.name" value="Java HotSpot(TM) 64-Bit Server VM"/>
    <property name="localRepository" value="D:\JavaConfig\Maven\apache-maven-3.6.3\repository"/>
    <property name="java.vendor.url.bug" value="http://bugreport.sun.com/bugreport/"/>
    <property name="java.io.tmpdir" value="C:\Users\十万伏~1\AppData\Local\Temp\"/>
    <property name="java.version" value="1.8.0_202"/>
    <property name="user.dir" value="D:\JavaCode\IDEA\SpringBoot-Blog"/>
    <property name="os.arch" value="amd64"/>
    <property name="java.vm.specification.name" value="Java Virtual Machine Specification"/>
    <property name="java.awt.printerjob" value="sun.awt.windows.WPrinterJob"/>
    <property name="sun.os.patch.level" value=""/>
    <property name="idea.version2019.3.3" value="true"/>
    <property name="java.library.path" value="D:\JavaConfig\Java\jdk1.8.0_202\jre\bin;C:\WINDOWS\Sun\Java\bin;C:\WINDOWS\system32;C:\WINDOWS;C:\Program Files (x86)\Intel\iCLS Client\;C:\Program Files\Intel\iCLS Client\;C:\Windows\system32;C:\Windows;C:\Windows\System32\Wbem;C:\Windows\System32\WindowsPowerShell\v1.0\;C:\Program Files (x86)\NVIDIA Corporation\PhysX\Common;C:\Program Files (x86)\Intel\Intel(R) Management Engine Components\DAL;C:\Program Files\Intel\Intel(R) Management Engine Components\DAL;C:\Program Files (x86)\Intel\Intel(R) Management Engine Components\IPT;C:\Program Files\Intel\Intel(R) Management Engine Components\IPT;C:\WINDOWS\system32;C:\WINDOWS;C:\WINDOWS\System32\Wbem;C:\WINDOWS\System32\WindowsPowerShell\v1.0\;C:\WINDOWS\System32\OpenSSH\;D:\JavaConfig\Java\jdk1.8.0_202\bin;D:\JavaConfig\Maven\apache-maven-3.6.3\bin;C:\Users\十万伏特_\AppData\Local\Microsoft\WindowsApps;;D:\ProgramFiles\WebStorm 2020.1\bin;;D:\ProgramFiles\IntelliJ IDEA 2019.3.3\bin;;."/>
    <property name="java.vm.info" value="mixed mode"/>
    <property name="java.vendor" value="Oracle Corporation"/>
    <property name="java.vm.version" value="25.202-b08"/>
    <property name="java.ext.dirs" value="D:\JavaConfig\Java\jdk1.8.0_202\jre\lib\ext;C:\WINDOWS\Sun\Java\lib\ext"/>
    <property name="sun.io.unicode.encoding" value="UnicodeLittle"/>
    <property name="java.class.version" value="52.0"/>
  </properties>
  <testcase name="pageTypeTest" classname="com.wyj.BlogApplicationTests" time="1.576"/>
</testsuite>